# JRE version: Java(TM) SE Runtime Environment (8.0_321-b07) (build 1.8.0_321-b07)
# Java VM: Java HotSpot(TM) 64-Bit Server VM (25.321-b07 mixed mode windows-amd64 compressed oops)
Heap:
 PSYoungGen      total 189952K, used 131040K [0x0000000776180000, 0x0000000783b00000, 0x00000007c0000000)
  eden space 178176K, 73% used [0x0000000776180000,0x000000077e178358,0x0000000780f80000)
  from space 11776K, 0% used [0x0000000781b00000,0x0000000781b00000,0x0000000782680000)
  to   space 11776K, 0% used [0x0000000780f80000,0x0000000780f80000,0x0000000781b00000)
 ParOldGen       total 110592K, used 15147K [0x00000006e2400000, 0x00000006e9000000, 0x0000000776180000)
  object space 110592K, 13% used [0x00000006e2400000,0x00000006e32cae50,0x00000006e9000000)
 Metaspace       used 45059K, capacity 47942K, committed 48128K, reserved 1091584K
  class space    used 5854K, capacity 6395K, committed 6400K, reserved 1048576K
GC Heap History (10 events):
Event: 2.381 GC heap before
{Heap before GC invocations=4 (full 1):
 PSYoungGen      total 66560K, used 6526K [0x0000000776180000, 0x000000077e380000, 0x00000007c0000000)
  eden space 57344K, 0% used [0x0000000776180000,0x0000000776180000,0x0000000779980000)
  from space 9216K, 70% used [0x0000000779980000,0x0000000779fdf8a8,0x000000077a280000)
  to   space 9216K, 0% used [0x000000077da80000,0x000000077da80000,0x000000077e380000)
 ParOldGen       total 151552K, used 2441K [0x00000006e2400000, 0x00000006eb800000, 0x0000000776180000)
  object space 151552K, 1% used [0x00000006e2400000,0x00000006e2662430,0x00000006eb800000)
 Metaspace       used 20172K, capacity 21214K, committed 21296K, reserved 1067008K
  class space    used 2676K, capacity 2911K, committed 2944K, reserved 1048576K
Event: 2.405 GC heap after
Heap after GC invocations=4 (full 1):
 PSYoungGen      total 66560K, used 0K [0x0000000776180000, 0x000000077e380000, 0x00000007c0000000)
  eden space 57344K, 0% used [0x0000000776180000,0x0000000776180000,0x0000000779980000)
  from space 9216K, 0% used [0x0000000779980000,0x0000000779980000,0x000000077a280000)
  to   space 9216K, 0% used [0x000000077da80000,0x000000077da80000,0x000000077e380000)
 ParOldGen       total 77312K, used 6307K [0x00000006e2400000, 0x00000006e6f80000, 0x0000000776180000)
  object space 77312K, 8% used [0x00000006e2400000,0x00000006e2a28f48,0x00000006e6f80000)
 Metaspace       used 20172K, capacity 21214K, committed 21296K, reserved 1067008K
  class space    used 2676K, capacity 2911K, committed 2944K, reserved 1048576K
}
Event: 3.249 GC heap before
{Heap before GC invocations=5 (full 1):
 PSYoungGen      total 66560K, used 57344K [0x0000000776180000, 0x000000077e380000, 0x00000007c0000000)
  eden space 57344K, 100% used [0x0000000776180000,0x0000000779980000,0x0000000779980000)
  from space 9216K, 0% used [0x0000000779980000,0x0000000779980000,0x000000077a280000)
  to   space 9216K, 0% used [0x000000077da80000,0x000000077da80000,0x000000077e380000)
 ParOldGen       total 77312K, used 6307K [0x00000006e2400000, 0x00000006e6f80000, 0x0000000776180000)
  object space 77312K, 8% used [0x00000006e2400000,0x00000006e2a28f48,0x00000006e6f80000)
 Metaspace       used 25528K, capacity 27302K, committed 27648K, reserved 1073152K
  class space    used 3418K, capacity 3749K, committed 3840K, reserved 1048576K
Event: 3.255 GC heap after
Heap after GC invocations=5 (full 1):
 PSYoungGen      total 110592K, used 8164K [0x0000000776180000, 0x000000077e280000, 0x00000007c0000000)
  eden space 102400K, 0% used [0x0000000776180000,0x0000000776180000,0x000000077c580000)
  from space 8192K, 99% used [0x000000077da80000,0x000000077e2793b0,0x000000077e280000)
  to   space 9216K, 0% used [0x000000077d080000,0x000000077d080000,0x000000077d980000)
 ParOldGen       total 77312K, used 6315K [0x00000006e2400000, 0x00000006e6f80000, 0x0000000776180000)
  object space 77312K, 8% used [0x00000006e2400000,0x00000006e2a2af48,0x00000006e6f80000)
 Metaspace       used 25528K, capacity 27302K, committed 27648K, reserved 1073152K
  class space    used 3418K, capacity 3749K, committed 3840K, reserved 1048576K
}
Event: 4.872 GC heap before
{Heap before GC invocations=6 (full 1):
 PSYoungGen      total 110592K, used 110564K [0x0000000776180000, 0x000000077e280000, 0x00000007c0000000)
  eden space 102400K, 100% used [0x0000000776180000,0x000000077c580000,0x000000077c580000)
  from space 8192K, 99% used [0x000000077da80000,0x000000077e2793b0,0x000000077e280000)
  to   space 9216K, 0% used [0x000000077d080000,0x000000077d080000,0x000000077d980000)
 ParOldGen       total 77312K, used 6315K [0x00000006e2400000, 0x00000006e6f80000, 0x0000000776180000)
  object space 77312K, 8% used [0x00000006e2400000,0x00000006e2a2af48,0x00000006e6f80000)
 Metaspace       used 31401K, capacity 33472K, committed 33792K, reserved 1079296K
  class space    used 4193K, capacity 4552K, committed 4608K, reserved 1048576K
Event: 4.879 GC heap after
Heap after GC invocations=6 (full 1):
 PSYoungGen      total 122880K, used 9169K [0x0000000776180000, 0x0000000782680000, 0x00000007c0000000)
  eden space 113664K, 0% used [0x0000000776180000,0x0000000776180000,0x000000077d080000)
  from space 9216K, 99% used [0x000000077d080000,0x000000077d974618,0x000000077d980000)
  to   space 11776K, 0% used [0x0000000781b00000,0x0000000781b00000,0x0000000782680000)
 ParOldGen       total 77312K, used 6387K [0x00000006e2400000, 0x00000006e6f80000, 0x0000000776180000)
  object space 77312K, 8% used [0x00000006e2400000,0x00000006e2a3cf58,0x00000006e6f80000)
 Metaspace       used 31401K, capacity 33472K, committed 33792K, reserved 1079296K
  class space    used 4193K, capacity 4552K, committed 4608K, reserved 1048576K
}
Event: 5.204 GC heap before
{Heap before GC invocations=7 (full 1):
 PSYoungGen      total 122880K, used 38384K [0x0000000776180000, 0x0000000782680000, 0x00000007c0000000)
  eden space 113664K, 25% used [0x0000000776180000,0x0000000777e07d20,0x000000077d080000)
  from space 9216K, 99% used [0x000000077d080000,0x000000077d974618,0x000000077d980000)
  to   space 11776K, 0% used [0x0000000781b00000,0x0000000781b00000,0x0000000782680000)
 ParOldGen       total 77312K, used 6387K [0x00000006e2400000, 0x00000006e6f80000, 0x0000000776180000)
  object space 77312K, 8% used [0x00000006e2400000,0x00000006e2a3cf58,0x00000006e6f80000)
 Metaspace       used 33131K, capacity 35470K, committed 35496K, reserved 1079296K
  class space    used 4428K, capacity 4839K, committed 4864K, reserved 1048576K
Event: 5.217 GC heap after
Heap after GC invocations=7 (full 1):
 PSYoungGen      total 189952K, used 9491K [0x0000000776180000, 0x0000000783b00000, 0x00000007c0000000)
  eden space 178176K, 0% used [0x0000000776180000,0x0000000776180000,0x0000000780f80000)
  from space 11776K, 80% used [0x0000000781b00000,0x0000000782444ea0,0x0000000782680000)
  to   space 11776K, 0% used [0x0000000780f80000,0x0000000780f80000,0x0000000781b00000)
 ParOldGen       total 77312K, used 6395K [0x00000006e2400000, 0x00000006e6f80000, 0x0000000776180000)
  object space 77312K, 8% used [0x00000006e2400000,0x00000006e2a3ef58,0x00000006e6f80000)
 Metaspace       used 33131K, capacity 35470K, committed 35496K, reserved 1079296K
  class space    used 4428K, capacity 4839K, committed 4864K, reserved 1048576K
}
Event: 5.217 GC heap before
{Heap before GC invocations=8 (full 2):
 PSYoungGen      total 189952K, used 9491K [0x0000000776180000, 0x0000000783b00000, 0x00000007c0000000)
  eden space 178176K, 0% used [0x0000000776180000,0x0000000776180000,0x0000000780f80000)
  from space 11776K, 80% used [0x0000000781b00000,0x0000000782444ea0,0x0000000782680000)
  to   space 11776K, 0% used [0x0000000780f80000,0x0000000780f80000,0x0000000781b00000)
 ParOldGen       total 77312K, used 6395K [0x00000006e2400000, 0x00000006e6f80000, 0x0000000776180000)
  object space 77312K, 8% used [0x00000006e2400000,0x00000006e2a3ef58,0x00000006e6f80000)
 Metaspace       used 33131K, capacity 35470K, committed 35496K, reserved 1079296K
  class space    used 4428K, capacity 4839K, committed 4864K, reserved 1048576K
Event: 5.287 GC heap after
Heap after GC invocations=8 (full 2):
 PSYoungGen      total 189952K, used 0K [0x0000000776180000, 0x0000000783b00000, 0x00000007c0000000)
  eden space 178176K, 0% used [0x0000000776180000,0x0000000776180000,0x0000000780f80000)
  from space 11776K, 0% used [0x0000000781b00000,0x0000000781b00000,0x0000000782680000)
  to   space 11776K, 0% used [0x0000000780f80000,0x0000000780f80000,0x0000000781b00000)
 ParOldGen       total 110592K, used 15147K [0x00000006e2400000, 0x00000006e9000000, 0x0000000776180000)
  object space 110592K, 13% used [0x00000006e2400000,0x00000006e32cae50,0x00000006e9000000)
 Metaspace       used 33131K, capacity 35470K, committed 35496K, reserved 1079296K
  class space    used 4428K, capacity 4839K, committed 4864K, reserved 1048576K
}

